<?xml version="1.0" encoding="UTF-8"?>
<testsuite xmlns:xsi="http://www.w3.org/2001/XMLSchema-instance" xsi:noNamespaceSchemaLocation="https://maven.apache.org/surefire/maven-surefire-plugin/xsd/surefire-test-report-3.0.xsd" version="3.0" name="CalculadoraTest" time="1.593" tests="10" errors="0" skipped="0" failures="0">
  <properties>
[...]
</properties>
  <testcase name="testSuma" classname="CalculadoraTest" time="0.048"/>
  <testcase name="testMultiplicar" classname="CalculadoraTest" time="0.0"/>
  <testcase name="testRendimientoSuma" classname="CalculadoraTest" time="0.168">
    <system-out><![CDATA[Tiempo para 100,000 sumas: 12 ms
]]></system-out>
  </testcase>
  <testcase name="testRendimientoNumerosGrandes" classname="CalculadoraTest" time="0.051">
    <system-out><![CDATA[Tiempo para operaciones con números grandes: 14 ms
]]></system-out>
  </testcase>
  <testcase name="testDivisionPorCero" classname="CalculadoraTest" time="0.0"/>
  <testcase name="testRendimientoOperacionesMixtas" classname="CalculadoraTest" time="0.084">
    <system-out><![CDATA[Tiempo para operaciones mixtas: 4 ms
]]></system-out>
  </testcase>
  <testcase name="testConsistenciaRendimiento" classname="CalculadoraTest" time="0.066">
    <system-out><![CDATA[Tiempo promedio para 1,000 operaciones: 0 ms
]]></system-out>
  </testcase>
  <testcase name="testDividir" classname="CalculadoraTest" time="0.0"/>
  <testcase name="testRestar" classname="CalculadoraTest" time="0.0"/>
  <testcase name="testRendimientoDivision" classname="CalculadoraTest" time="0.228">
    <system-out><![CDATA[Tiempo para 50,000 divisiones: 6 ms
]]></system-out>
  </testcase>
</testsuite>